[FATAL] 2023-10-25 21:22:28.134 [main] StepD - Setup1 executed...
[INFO ] 2023-10-25 21:22:28.244 [main] StepD - chrome browser launched
[INFO ] 2023-10-25 21:22:29.123 [main] StepD - url opened
[INFO ] 2023-10-25 21:22:29.817 [main] StepD - email address and password entered
[INFO ] 2023-10-25 21:22:31.580 [main] StepD - Clicked on login button
[INFO ] 2023-10-25 21:22:31.610 [main] StepD - user can view dashboard test passed.
[INFO ] 2023-10-25 21:22:31.756 [main] StepD - customer menu clicked
[INFO ] 2023-10-25 21:22:35.370 [main] StepD - customer menu item clicked
[FATAL] 2023-10-25 21:22:40.004 [main] StepD - Setup1 executed...
[INFO ] 2023-10-25 21:22:40.011 [main] StepD - chrome browser launched
[INFO ] 2023-10-25 21:22:41.064 [main] StepD - url opened
[INFO ] 2023-10-25 21:22:41.550 [main] StepD - email address and password entered
[INFO ] 2023-10-25 21:22:43.295 [main] StepD - Clicked on login button
[WARN ] 2023-10-25 21:22:43.315 [main] StepD - Test passed: Login feature :Page title matched.
[INFO ] 2023-10-25 21:22:44.239 [main] StepD - user clicked on logout link.
[WARN ] 2023-10-25 21:22:44.256 [main] StepD - Test passed: Login feature :Page title matched.
[INFO ] 2023-10-25 21:22:44.417 [main] StepD - Browser closed
[FATAL] 2023-10-25 21:26:04.136 [main] StepD - Setup1 executed...
[INFO ] 2023-10-25 21:26:04.230 [main] StepD - chrome browser launched
[INFO ] 2023-10-25 21:26:05.347 [main] StepD - url opened
[INFO ] 2023-10-25 21:26:05.883 [main] StepD - email address and password entered
[INFO ] 2023-10-25 21:26:07.648 [main] StepD - Clicked on login button
[INFO ] 2023-10-25 21:26:07.711 [main] StepD - user can view dashboard test passed.
[INFO ] 2023-10-25 21:26:07.875 [main] StepD - customer menu clicked
[INFO ] 2023-10-25 21:26:12.899 [main] StepD - customer menu item clicked
[FATAL] 2023-10-25 21:26:18.499 [main] StepD - Setup1 executed...
[INFO ] 2023-10-25 21:26:18.509 [main] StepD - chrome browser launched
[INFO ] 2023-10-25 21:26:19.690 [main] StepD - url opened
[INFO ] 2023-10-25 21:26:20.063 [main] StepD - email address and password entered
[INFO ] 2023-10-25 21:26:21.983 [main] StepD - Clicked on login button
[WARN ] 2023-10-25 21:26:22.082 [main] StepD - Test passed: Login feature :Page title matched.
[INFO ] 2023-10-25 21:26:22.905 [main] StepD - user clicked on logout link.
[WARN ] 2023-10-25 21:26:22.918 [main] StepD - Test passed: Login feature :Page title matched.
[INFO ] 2023-10-25 21:26:23.047 [main] StepD - Browser closed
